<?xml version="1.0" encoding="UTF-8"?>
<!-- Generated by org.testng.reporters.JUnitXMLReporter -->
<testsuite hostname="DESKTOP-O1HAFCS" ignored="2" name="Surefire test" tests="1" failures="0" timestamp="17 Aug 2020 11:57:44 GMT" time="15.863" errors="0">
  <testcase name="varifySignUpLinkTest" time="5.72" classname="com.qa.hubspot.tests.LoginPageTest"/>
  <testcase name="varifyLoginPageTitleTest" time="0.0" classname="com.qa.hubspot.tests.LoginPageTest">
    <ignored/>
  </testcase> <!-- varifyLoginPageTitleTest -->
  <testcase name="loginTest" time="0.0" classname="com.qa.hubspot.tests.LoginPageTest">
    <ignored/>
  </testcase> <!-- loginTest -->
</testsuite> <!-- Surefire test -->
