<?xml version="1.0" encoding="UTF-8"?>
<!-- Generated by org.testng.reporters.JUnitXMLReporter -->
<testsuite hostname="DESKTOP-O1HAFCS" ignored="0" name="Default test" tests="3" failures="0" timestamp="2020-08-09T20:16:09 IST" time="16.001" errors="0">
  <testcase name="varifySignUpLinkTest" time="5.634" classname="com.qa.hubspot.tests.LoginPageTest"/>
  <testcase name="varifyLoginPageTitleTest" time="0.04" classname="com.qa.hubspot.tests.LoginPageTest"/>
  <testcase name="loginTest" time="0.458" classname="com.qa.hubspot.tests.LoginPageTest"/>
</testsuite> <!-- Default test -->
