<?xml version="1.0" encoding="UTF-8"?>
<!-- Generated by org.testng.reporters.JUnitXMLReporter -->
<testsuite hostname="DESKTOP-O1HAFCS" ignored="0" name="Hubspot feature Testing - login" tests="3" failures="0" timestamp="2020-08-14T14:04:22 IST" time="18.572" errors="0">
  <testcase name="varifySignUpLinkTest" time="4.242" classname="com.qa.hubspot.tests.LoginPageTest"/>
  <testcase name="varifyLoginPageTitleTest" time="0.159" classname="com.qa.hubspot.tests.LoginPageTest"/>
  <testcase name="loginTest" time="0.736" classname="com.qa.hubspot.tests.LoginPageTest"/>
</testsuite> <!-- Hubspot feature Testing - login -->
