<?xml version="1.0" encoding="UTF-8"?>
<!-- Generated by org.testng.reporters.JUnitXMLReporter -->
<testsuite hostname="DESKTOP-O1HAFCS" ignored="0" name="Hubspot Login Testing" tests="3" failures="0" timestamp="2020-07-26T19:42:36 IST" time="14.122" errors="0">
  <testcase name="varifySignUpLinkTest" time="5.507" classname="com.qa.hubspot.tests.LoginPageTest"/>
  <testcase name="varifyLoginPageTitleTest" time="0.033" classname="com.qa.hubspot.tests.LoginPageTest"/>
  <testcase name="loginTest" time="0.605" classname="com.qa.hubspot.tests.LoginPageTest"/>
</testsuite> <!-- Hubspot Login Testing -->
