<?xml version="1.0" encoding="UTF-8"?>
<!-- Generated by org.testng.reporters.JUnitXMLReporter -->
<testsuite hostname="DESKTOP-O1HAFCS" ignored="0" name="Hubspot feature Testing - home" tests="2" failures="0" timestamp="2020-08-14T14:04:43 IST" time="18.421" errors="0">
  <testcase name="varifyHomePageHeader" time="5.363" classname="com.qa.hubspot.tests.HomePageTest"/>
  <testcase name="varifyHomePageTitle" time="0.031" classname="com.qa.hubspot.tests.HomePageTest"/>
</testsuite> <!-- Hubspot feature Testing - home -->
