<?xml version="1.0" encoding="UTF-8"?>
<!-- Generated by org.testng.reporters.JUnitXMLReporter -->
<testsuite hostname="DESKTOP-O1HAFCS" ignored="0" name="Hubspot Home Testing" tests="2" failures="0" timestamp="2020-07-26T19:42:42 IST" time="20.216" errors="0">
  <testcase name="varifyHomePageHeader" time="5.675" classname="com.qa.hubspot.tests.HomePageTest"/>
  <testcase name="varifyHomePageTitle" time="0.013" classname="com.qa.hubspot.tests.HomePageTest"/>
</testsuite> <!-- Hubspot Home Testing -->
