<?xml version="1.0" encoding="UTF-8"?>
<!-- Generated by org.testng.reporters.JUnitXMLReporter -->
<testsuite hostname="DESKTOP-O1HAFCS" ignored="0" name="Hubspot feature Testing - login" tests="3" failures="0" timestamp="17 Aug 2020 10:38:58 GMT" time="15.697" errors="0">
  <testcase name="varifySignUpLinkTest" time="5.54" classname="com.qa.hubspot.tests.LoginPageTest"/>
  <testcase name="varifyLoginPageTitleTest" time="0.035" classname="com.qa.hubspot.tests.LoginPageTest"/>
  <testcase name="loginTest" time="0.939" classname="com.qa.hubspot.tests.LoginPageTest"/>
</testsuite> <!-- Hubspot feature Testing - login -->
