<?xml version="1.0" encoding="UTF-8"?>
<!-- Generated by org.testng.reporters.JUnitXMLReporter -->
<testsuite hostname="DESKTOP-O1HAFCS" ignored="0" name="Hubspot feature Testing - home" tests="2" failures="0" timestamp="17 Aug 2020 10:39:20 GMT" time="19.539" errors="0">
  <testcase name="varifyHomePageHeader" time="5.087" classname="com.qa.hubspot.tests.HomePageTest"/>
  <testcase name="varifyHomePageTitle" time="0.014" classname="com.qa.hubspot.tests.HomePageTest"/>
</testsuite> <!-- Hubspot feature Testing - home -->
