<?xml version="1.0" encoding="UTF-8"?>
<testng-results skipped="0" failed="0" ignored="2" total="3" passed="1">
  <reporter-output>
  </reporter-output>
  <suite name="Surefire suite" duration-ms="15863" started-at="2020-08-17T11:57:28Z" finished-at="2020-08-17T11:57:44Z">
    <groups>
    </groups>
    <test name="Surefire test" duration-ms="15863" started-at="2020-08-17T11:57:28Z" finished-at="2020-08-17T11:57:44Z">
      <class name="com.qa.hubspot.tests.LoginPageTest">
        <test-method status="PASS" signature="setUp()[pri:0, instance:com.qa.hubspot.tests.LoginPageTest@6c6c5427]" name="setUp" is-config="true" duration-ms="9035" started-at="2020-08-17T11:57:29Z" finished-at="2020-08-17T11:57:38Z">
          <reporter-output>
          </reporter-output>
        </test-method> <!-- setUp -->
        <test-method status="PASS" signature="varifySignUpLinkTest()[pri:1, instance:com.qa.hubspot.tests.LoginPageTest@6c6c5427]" name="varifySignUpLinkTest" duration-ms="5720" started-at="2020-08-17T11:57:38Z" finished-at="2020-08-17T11:57:43Z">
          <reporter-output>
          </reporter-output>
        </test-method> <!-- varifySignUpLinkTest -->
        <test-method status="PASS" signature="tearDown()[pri:0, instance:com.qa.hubspot.tests.LoginPageTest@6c6c5427]" name="tearDown" is-config="true" duration-ms="719" started-at="2020-08-17T11:57:44Z" finished-at="2020-08-17T11:57:44Z">
          <reporter-output>
          </reporter-output>
        </test-method> <!-- tearDown -->
      </class> <!-- com.qa.hubspot.tests.LoginPageTest -->
    </test> <!-- Surefire test -->
  </suite> <!-- Surefire suite -->
</testng-results>
