<?xml version="1.0" encoding="UTF-8"?>
<testng-results skipped="0" failed="0" ignored="0" total="5" passed="5">
  <reporter-output>
  </reporter-output>
  <suite name="Hub spot Test Automation regression suite" duration-ms="40831" started-at="2020-08-14T14:04:02 IST" finished-at="2020-08-14T14:04:43 IST">
    <groups>
    </groups>
    <test name="Hubspot feature Testing - login" duration-ms="18572" started-at="2020-08-14T14:04:02 IST" finished-at="2020-08-14T14:04:21 IST">
      <class name="com.qa.hubspot.tests.LoginPageTest">
        <test-method status="PASS" signature="setUp()[pri:0, instance:com.qa.hubspot.tests.LoginPageTest@cdc3aae]" name="setUp" is-config="true" duration-ms="11617" started-at="2020-08-14T14:04:02 IST" finished-at="2020-08-14T14:04:14 IST">
          <reporter-output>
          </reporter-output>
        </test-method> <!-- setUp -->
        <test-method status="PASS" signature="varifySignUpLinkTest()[pri:1, instance:com.qa.hubspot.tests.LoginPageTest@cdc3aae]" name="varifySignUpLinkTest" duration-ms="4242" started-at="2020-08-14T14:04:14 IST" finished-at="2020-08-14T14:04:18 IST">
          <reporter-output>
          </reporter-output>
        </test-method> <!-- varifySignUpLinkTest -->
        <test-method status="PASS" signature="varifyLoginPageTitleTest()[pri:2, instance:com.qa.hubspot.tests.LoginPageTest@cdc3aae]" name="varifyLoginPageTitleTest" duration-ms="159" started-at="2020-08-14T14:04:18 IST" finished-at="2020-08-14T14:04:19 IST">
          <reporter-output>
          </reporter-output>
        </test-method> <!-- varifyLoginPageTitleTest -->
        <test-method status="PASS" signature="loginTest()[pri:3, instance:com.qa.hubspot.tests.LoginPageTest@cdc3aae]" name="loginTest" duration-ms="736" started-at="2020-08-14T14:04:19 IST" finished-at="2020-08-14T14:04:19 IST">
          <reporter-output>
          </reporter-output>
        </test-method> <!-- loginTest -->
        <test-method status="PASS" signature="tearDown()[pri:0, instance:com.qa.hubspot.tests.LoginPageTest@cdc3aae]" name="tearDown" is-config="true" duration-ms="1330" started-at="2020-08-14T14:04:19 IST" finished-at="2020-08-14T14:04:21 IST">
          <reporter-output>
          </reporter-output>
        </test-method> <!-- tearDown -->
      </class> <!-- com.qa.hubspot.tests.LoginPageTest -->
    </test> <!-- Hubspot feature Testing - login -->
    <test name="Hubspot feature Testing - home" duration-ms="18421" started-at="2020-08-14T14:04:24 IST" finished-at="2020-08-14T14:04:43 IST">
      <class name="com.qa.hubspot.tests.HomePageTest">
        <test-method status="PASS" signature="setUp()[pri:0, instance:com.qa.hubspot.tests.HomePageTest@2c95ac9e]" name="setUp" is-config="true" duration-ms="6287" started-at="2020-08-14T14:04:24 IST" finished-at="2020-08-14T14:04:31 IST">
          <reporter-output>
          </reporter-output>
        </test-method> <!-- setUp -->
        <test-method status="PASS" signature="homePageSetUp()[pri:0, instance:com.qa.hubspot.tests.HomePageTest@2c95ac9e]" name="homePageSetUp" is-config="true" duration-ms="5367" started-at="2020-08-14T14:04:31 IST" finished-at="2020-08-14T14:04:36 IST">
          <reporter-output>
          </reporter-output>
        </test-method> <!-- homePageSetUp -->
        <test-method status="PASS" signature="varifyHomePageHeader()[pri:1, instance:com.qa.hubspot.tests.HomePageTest@2c95ac9e]" name="varifyHomePageHeader" duration-ms="5363" started-at="2020-08-14T14:04:36 IST" finished-at="2020-08-14T14:04:41 IST">
          <reporter-output>
          </reporter-output>
        </test-method> <!-- varifyHomePageHeader -->
        <test-method status="PASS" signature="varifyHomePageTitle()[pri:2, instance:com.qa.hubspot.tests.HomePageTest@2c95ac9e]" name="varifyHomePageTitle" duration-ms="31" started-at="2020-08-14T14:04:41 IST" finished-at="2020-08-14T14:04:42 IST">
          <reporter-output>
          </reporter-output>
        </test-method> <!-- varifyHomePageTitle -->
        <test-method status="PASS" signature="tearDown()[pri:0, instance:com.qa.hubspot.tests.HomePageTest@2c95ac9e]" name="tearDown" is-config="true" duration-ms="1361" started-at="2020-08-14T14:04:42 IST" finished-at="2020-08-14T14:04:43 IST">
          <reporter-output>
          </reporter-output>
        </test-method> <!-- tearDown -->
      </class> <!-- com.qa.hubspot.tests.HomePageTest -->
    </test> <!-- Hubspot feature Testing - home -->
  </suite> <!-- Hub spot Test Automation regression suite -->
</testng-results>
