<?xml version="1.0" encoding="UTF-8"?>
<!-- Generated by org.testng.reporters.JUnitXMLReporter -->
<testsuite hostname="DESKTOP-O1HAFCS" ignored="2" name="Hubspot Login Testing" tests="5" failures="0" timestamp="2020-07-26T00:00:00 IST" time="12.546" errors="0">
  <testcase name="@BeforeClass homePageSetUp" time="0.001" classname="com.qa.hubspot.tests.HomePageTest">
    <failure type="java.lang.NullPointerException">
      <![CDATA[java.lang.NullPointerException
at com.qa.hubspot.tests.HomePageTest.homePageSetUp(HomePageTest.java:17)
at java.util.ArrayList.forEach(ArrayList.java:1257)
... Removed 25 stack frames]]>
    </failure>
  </testcase> <!-- @BeforeClass homePageSetUp -->
  <testcase name="varifySignUpLinkTest" time="5.582" classname="com.qa.hubspot.tests.LoginPageTest"/>
  <testcase name="varifyLoginPageTitleTest" time="0.012" classname="com.qa.hubspot.tests.LoginPageTest"/>
  <testcase name="loginTest" time="0.513" classname="com.qa.hubspot.tests.LoginPageTest"/>
  <testcase name="varifyHomePageHeader" time="0.0" classname="com.qa.hubspot.tests.HomePageTest">
    <skipped/>
  </testcase> <!-- varifyHomePageHeader -->
  <testcase name="varifyHomePageTitle" time="0.0" classname="com.qa.hubspot.tests.HomePageTest">
    <skipped/>
  </testcase> <!-- varifyHomePageTitle -->
  <testcase name="@BeforeTest setUp" time="0.0" classname="com.qa.hubspot.base.BaseTest">
    <ignored/>
  </testcase> <!-- @BeforeTest setUp -->
  <testcase name="@AfterTest tearDown" time="0.0" classname="com.qa.hubspot.base.BaseTest">
    <ignored/>
  </testcase> <!-- @AfterTest tearDown -->
</testsuite> <!-- Hubspot Login Testing -->
