<?xml version="1.0" encoding="UTF-8"?>
<!-- Generated by org.testng.reporters.JUnitXMLReporter -->
<testsuite hostname="DESKTOP-O1HAFCS" ignored="0" name="Hubspot feature Testing" tests="2" failures="0" timestamp="2020-07-25T23:39:23 IST" time="17.35" errors="0">
  <testcase name="varifyHomePageHeader" time="4.631" classname="com.qa.hubspot.tests.HomePageTest"/>
  <testcase name="varifyHomePageTitle" time="0.013" classname="com.qa.hubspot.tests.HomePageTest"/>
</testsuite> <!-- Hubspot feature Testing -->
